<?xml version="1.0" encoding="UTF-8"?>
<testng-results skipped="0" failed="0" total="2" passed="2">
  <reporter-output>
  </reporter-output>
  <suite name="Testng Cucumber Suite" duration-ms="23306" started-at="2020-01-25T09:49:24Z" finished-at="2020-01-25T09:49:48Z">
    <groups>
      <group name="cucumber">
        <method signature="AbstractTestNGCucumberTests.feature(cucumber.api.testng.CucumberFeatureWrapper)[pri:0, instance:main.CucumberRunner@3cda1055]" name="feature" class="cucumber.api.testng.AbstractTestNGCucumberTests"/>
      </group> <!-- cucumber -->
    </groups>
    <test name="Run All Tests" duration-ms="23306" started-at="2020-01-25T09:49:24Z" finished-at="2020-01-25T09:49:48Z">
      <class name="main.CucumberRunner">
        <test-method status="PASS" signature="setUp()[pri:0, instance:main.CucumberRunner@3cda1055]" name="setUp" is-config="true" duration-ms="46046" started-at="2020-01-25T15:18:38Z" finished-at="2020-01-25T15:19:24Z">
          <reporter-output>
          </reporter-output>
        </test-method> <!-- setUp -->
        <test-method status="PASS" signature="setUpClass()[pri:0, instance:main.CucumberRunner@3cda1055]" name="setUpClass" is-config="true" duration-ms="2595" started-at="2020-01-25T15:19:24Z" finished-at="2020-01-25T15:19:27Z">
          <reporter-output>
          </reporter-output>
        </test-method> <!-- setUpClass -->
        <test-method status="PASS" signature="feature(cucumber.api.testng.CucumberFeatureWrapper)[pri:0, instance:main.CucumberRunner@3cda1055]" name="feature" duration-ms="8438" started-at="2020-01-25T15:19:29Z" description="Runs Cucumber Feature" data-provider="features" finished-at="2020-01-25T15:19:37Z">
          <params>
            <param index="0">
              <value>
                <![CDATA[To search cucumber in google]]>
              </value>
            </param>
          </params>
          <reporter-output>
          </reporter-output>
        </test-method> <!-- feature -->
        <test-method status="PASS" signature="tearDownr(org.testng.ITestResult)[pri:0, instance:main.CucumberRunner@3cda1055]" name="tearDownr" is-config="true" duration-ms="5702" started-at="2020-01-25T15:19:37Z" finished-at="2020-01-25T15:19:43Z">
          <params>
            <param index="0">
              <value>
                <![CDATA[[TestResult name=feature status=SUCCESS method=AbstractTestNGCucumberTests.feature(cucumber.api.testng.CucumberFeatureWrapper)[pri:0, instance:main.CucumberRunner@3cda1055] output={null}]]]>
              </value>
            </param>
          </params>
          <reporter-output>
          </reporter-output>
        </test-method> <!-- tearDownr -->
        <test-method status="PASS" signature="feature(cucumber.api.testng.CucumberFeatureWrapper)[pri:0, instance:main.CucumberRunner@3cda1055]" name="feature" duration-ms="3223" started-at="2020-01-25T15:19:43Z" description="Runs Cucumber Feature" data-provider="features" finished-at="2020-01-25T15:19:46Z">
          <params>
            <param index="0">
              <value>
                <![CDATA[To search testng in google]]>
              </value>
            </param>
          </params>
          <reporter-output>
          </reporter-output>
        </test-method> <!-- feature -->
        <test-method status="PASS" signature="tearDownr(org.testng.ITestResult)[pri:0, instance:main.CucumberRunner@3cda1055]" name="tearDownr" is-config="true" duration-ms="1084" started-at="2020-01-25T15:19:46Z" finished-at="2020-01-25T15:19:47Z">
          <params>
            <param index="0">
              <value>
                <![CDATA[[TestResult name=feature status=SUCCESS method=AbstractTestNGCucumberTests.feature(cucumber.api.testng.CucumberFeatureWrapper)[pri:0, instance:main.CucumberRunner@3cda1055] output={null}]]]>
              </value>
            </param>
          </params>
          <reporter-output>
          </reporter-output>
        </test-method> <!-- tearDownr -->
        <test-method status="PASS" signature="takeScreenshot()[pri:0, instance:main.CucumberRunner@3cda1055]" name="takeScreenshot" is-config="true" duration-ms="431" started-at="2020-01-25T15:19:47Z" finished-at="2020-01-25T15:19:47Z">
          <reporter-output>
          </reporter-output>
        </test-method> <!-- takeScreenshot -->
        <test-method status="PASS" signature="tearDownClass()[pri:0, instance:main.CucumberRunner@3cda1055]" name="tearDownClass" is-config="true" duration-ms="191" started-at="2020-01-25T15:19:47Z" finished-at="2020-01-25T15:19:48Z">
          <reporter-output>
          </reporter-output>
        </test-method> <!-- tearDownClass -->
        <test-method status="PASS" signature="generateHTMLReports()[pri:0, instance:main.CucumberRunner@3cda1055]" name="generateHTMLReports" is-config="true" duration-ms="18431" started-at="2020-01-25T15:19:49Z" finished-at="2020-01-25T15:20:08Z">
          <reporter-output>
          </reporter-output>
        </test-method> <!-- generateHTMLReports -->
        <test-method status="PASS" signature="quit()[pri:0, instance:main.CucumberRunner@3cda1055]" name="quit" is-config="true" duration-ms="1472" started-at="2020-01-25T15:20:08Z" finished-at="2020-01-25T15:20:09Z">
          <reporter-output>
          </reporter-output>
        </test-method> <!-- quit -->
      </class> <!-- main.CucumberRunner -->
    </test> <!-- Run All Tests -->
  </suite> <!-- Testng Cucumber Suite -->
</testng-results>
